{"/Users/Jonathan/Developer/express-pokemon-lab/src/app.js": {"path":"/Users/Jonathan/Developer/express-pokemon-lab/src/app.js","statementMap":{"0":{"start":{"line":1,"column":16},"end":{"line":1,"column":34}},"1":{"start":{"line":2,"column":12},"end":{"line":2,"column":21}},"2":{"start":{"line":3,"column":22},"end":{"line":3,"column":57}},"3":{"start":{"line":5,"column":0},"end":{"line":5,"column":24}},"4":{"start":{"line":7,"column":0},"end":{"line":18,"column":3}},"5":{"start":{"line":8,"column":2},"end":{"line":17,"column":5}},"6":{"start":{"line":20,"column":0},"end":{"line":20,"column":36}},"7":{"start":{"line":22,"column":0},"end":{"line":30,"column":2}},"8":{"start":{"line":23,"column":2},"end":{"line":23,"column":30}},"9":{"start":{"line":24,"column":2},"end":{"line":24,"column":19}},"10":{"start":{"line":25,"column":2},"end":{"line":29,"column":3}},"11":{"start":{"line":26,"column":4},"end":{"line":26,"column":34}},"12":{"start":{"line":28,"column":4},"end":{"line":28,"column":46}},"13":{"start":{"line":32,"column":0},"end":{"line":32,"column":21}}},"fnMap":{"0":{"name":"(anonymous_0)","decl":{"start":{"line":7,"column":13},"end":{"line":7,"column":14}},"loc":{"start":{"line":7,"column":27},"end":{"line":18,"column":1}},"line":7},"1":{"name":"(anonymous_1)","decl":{"start":{"line":22,"column":8},"end":{"line":22,"column":9}},"loc":{"start":{"line":22,"column":33},"end":{"line":30,"column":1}},"line":22}},"branchMap":{"0":{"loc":{"start":{"line":23,"column":13},"end":{"line":23,"column":28}},"type":"binary-expr","locations":[{"start":{"line":23,"column":13},"end":{"line":23,"column":21}},{"start":{"line":23,"column":25},"end":{"line":23,"column":28}}],"line":23},"1":{"loc":{"start":{"line":25,"column":2},"end":{"line":29,"column":3}},"type":"if","locations":[{"start":{"line":25,"column":2},"end":{"line":29,"column":3}},{"start":{"line":25,"column":2},"end":{"line":29,"column":3}}],"line":25}},"s":{"0":1,"1":1,"2":1,"3":1,"4":1,"5":0,"6":1,"7":1,"8":0,"9":0,"10":0,"11":0,"12":0,"13":1},"f":{"0":0,"1":0},"b":{"0":[0,0],"1":[0,0]},"_coverageSchema":"1a1c01bbd47fc00a2c39e90264f33305004495a9","hash":"38ff2b17394bef135f619aa3413fa1ffc1d10e8b"}
,"/Users/Jonathan/Developer/express-pokemon-lab/src/models/express-pokemon.model.js": {"path":"/Users/Jonathan/Developer/express-pokemon-lab/src/models/express-pokemon.model.js","statementMap":{"0":{"start":{"line":1,"column":17},"end":{"line":1,"column":36}},"1":{"start":{"line":2,"column":15},"end":{"line":2,"column":30}},"2":{"start":{"line":4,"column":30},"end":{"line":22,"column":1}},"3":{"start":{"line":24,"column":23},"end":{"line":24,"column":77}},"4":{"start":{"line":26,"column":0},"end":{"line":26,"column":31}}},"fnMap":{},"branchMap":{},"s":{"0":1,"1":1,"2":1,"3":1,"4":1},"f":{},"b":{},"_coverageSchema":"1a1c01bbd47fc00a2c39e90264f33305004495a9","hash":"2b8cfddbb3feddf83de8c4da31bfe6b2d319bd0d"}
,"/Users/Jonathan/Developer/express-pokemon-lab/src/routes/pokemons-routes.js": {"path":"/Users/Jonathan/Developer/express-pokemon-lab/src/routes/pokemons-routes.js","statementMap":{"0":{"start":{"line":1,"column":16},"end":{"line":1,"column":34}},"1":{"start":{"line":2,"column":15},"end":{"line":2,"column":31}},"2":{"start":{"line":3,"column":23},"end":{"line":3,"column":65}},"3":{"start":{"line":4,"column":18},"end":{"line":4,"column":50}},"4":{"start":{"line":6,"column":0},"end":{"line":6,"column":27}},"5":{"start":{"line":8,"column":19},"end":{"line":9,"column":45}},"6":{"start":{"line":9,"column":2},"end":{"line":9,"column":45}},"7":{"start":{"line":11,"column":21},"end":{"line":15,"column":1}},"8":{"start":{"line":12,"column":16},"end":{"line":12,"column":38}},"9":{"start":{"line":13,"column":27},"end":{"line":13,"column":69}},"10":{"start":{"line":14,"column":2},"end":{"line":14,"column":26}},"11":{"start":{"line":17,"column":27},"end":{"line":20,"column":1}},"12":{"start":{"line":18,"column":22},"end":{"line":18,"column":49}},"13":{"start":{"line":19,"column":2},"end":{"line":19,"column":21}},"14":{"start":{"line":22,"column":25},"end":{"line":25,"column":1}},"15":{"start":{"line":23,"column":14},"end":{"line":23,"column":41}},"16":{"start":{"line":24,"column":2},"end":{"line":24,"column":19}},"17":{"start":{"line":27,"column":0},"end":{"line":33,"column":3}},"18":{"start":{"line":28,"column":17},"end":{"line":30,"column":32}},"19":{"start":{"line":31,"column":2},"end":{"line":31,"column":31}},"20":{"start":{"line":32,"column":2},"end":{"line":32,"column":9}},"21":{"start":{"line":35,"column":0},"end":{"line":42,"column":2}},"22":{"start":{"line":38,"column":20},"end":{"line":38,"column":28}},"23":{"start":{"line":39,"column":4},"end":{"line":39,"column":36}},"24":{"start":{"line":40,"column":4},"end":{"line":40,"column":34}},"25":{"start":{"line":44,"column":0},"end":{"line":49,"column":3}},"26":{"start":{"line":45,"column":20},"end":{"line":45,"column":41}},"27":{"start":{"line":46,"column":23},"end":{"line":46,"column":50}},"28":{"start":{"line":47,"column":2},"end":{"line":47,"column":37}},"29":{"start":{"line":48,"column":2},"end":{"line":48,"column":9}},"30":{"start":{"line":51,"column":0},"end":{"line":61,"column":3}},"31":{"start":{"line":52,"column":20},"end":{"line":52,"column":41}},"32":{"start":{"line":53,"column":21},"end":{"line":53,"column":29}},"33":{"start":{"line":54,"column":23},"end":{"line":58,"column":3}},"34":{"start":{"line":59,"column":2},"end":{"line":59,"column":37}},"35":{"start":{"line":60,"column":2},"end":{"line":60,"column":9}},"36":{"start":{"line":63,"column":0},"end":{"line":73,"column":3}},"37":{"start":{"line":64,"column":20},"end":{"line":64,"column":41}},"38":{"start":{"line":65,"column":21},"end":{"line":65,"column":29}},"39":{"start":{"line":66,"column":23},"end":{"line":70,"column":3}},"40":{"start":{"line":71,"column":2},"end":{"line":71,"column":37}},"41":{"start":{"line":72,"column":2},"end":{"line":72,"column":9}},"42":{"start":{"line":75,"column":0},"end":{"line":82,"column":3}},"43":{"start":{"line":76,"column":20},"end":{"line":76,"column":41}},"44":{"start":{"line":77,"column":25},"end":{"line":79,"column":4}},"45":{"start":{"line":80,"column":2},"end":{"line":80,"column":39}},"46":{"start":{"line":81,"column":2},"end":{"line":81,"column":9}},"47":{"start":{"line":84,"column":0},"end":{"line":89,"column":3}},"48":{"start":{"line":85,"column":2},"end":{"line":87,"column":3}},"49":{"start":{"line":86,"column":4},"end":{"line":86,"column":19}},"50":{"start":{"line":88,"column":2},"end":{"line":88,"column":12}},"51":{"start":{"line":91,"column":0},"end":{"line":91,"column":24}}},"fnMap":{"0":{"name":"(anonymous_0)","decl":{"start":{"line":8,"column":19},"end":{"line":8,"column":20}},"loc":{"start":{"line":9,"column":2},"end":{"line":9,"column":45}},"line":9},"1":{"name":"(anonymous_1)","decl":{"start":{"line":11,"column":21},"end":{"line":11,"column":22}},"loc":{"start":{"line":11,"column":35},"end":{"line":15,"column":1}},"line":11},"2":{"name":"(anonymous_2)","decl":{"start":{"line":17,"column":27},"end":{"line":17,"column":28}},"loc":{"start":{"line":17,"column":39},"end":{"line":20,"column":1}},"line":17},"3":{"name":"(anonymous_3)","decl":{"start":{"line":22,"column":25},"end":{"line":22,"column":26}},"loc":{"start":{"line":22,"column":42},"end":{"line":25,"column":1}},"line":22},"4":{"name":"(anonymous_4)","decl":{"start":{"line":27,"column":16},"end":{"line":27,"column":17}},"loc":{"start":{"line":27,"column":42},"end":{"line":33,"column":1}},"line":27},"5":{"name":"(anonymous_5)","decl":{"start":{"line":37,"column":12},"end":{"line":37,"column":13}},"loc":{"start":{"line":37,"column":38},"end":{"line":41,"column":3}},"line":37},"6":{"name":"(anonymous_6)","decl":{"start":{"line":44,"column":19},"end":{"line":44,"column":20}},"loc":{"start":{"line":44,"column":45},"end":{"line":49,"column":1}},"line":44},"7":{"name":"(anonymous_7)","decl":{"start":{"line":51,"column":19},"end":{"line":51,"column":20}},"loc":{"start":{"line":51,"column":45},"end":{"line":61,"column":1}},"line":51},"8":{"name":"(anonymous_8)","decl":{"start":{"line":63,"column":21},"end":{"line":63,"column":22}},"loc":{"start":{"line":63,"column":47},"end":{"line":73,"column":1}},"line":63},"9":{"name":"(anonymous_9)","decl":{"start":{"line":75,"column":22},"end":{"line":75,"column":23}},"loc":{"start":{"line":75,"column":48},"end":{"line":82,"column":1}},"line":75},"10":{"name":"(anonymous_10)","decl":{"start":{"line":84,"column":11},"end":{"line":84,"column":12}},"loc":{"start":{"line":84,"column":36},"end":{"line":89,"column":1}},"line":84}},"branchMap":{"0":{"loc":{"start":{"line":28,"column":17},"end":{"line":30,"column":32}},"type":"cond-expr","locations":[{"start":{"line":29,"column":6},"end":{"line":29,"column":40}},{"start":{"line":30,"column":6},"end":{"line":30,"column":32}}],"line":28},"1":{"loc":{"start":{"line":85,"column":2},"end":{"line":87,"column":3}},"type":"if","locations":[{"start":{"line":85,"column":2},"end":{"line":87,"column":3}},{"start":{"line":85,"column":2},"end":{"line":87,"column":3}}],"line":85}},"s":{"0":1,"1":1,"2":1,"3":1,"4":1,"5":1,"6":1,"7":1,"8":0,"9":0,"10":0,"11":1,"12":1,"13":1,"14":1,"15":1,"16":1,"17":1,"18":1,"19":1,"20":1,"21":1,"22":1,"23":1,"24":1,"25":1,"26":1,"27":1,"28":1,"29":1,"30":1,"31":1,"32":1,"33":1,"34":1,"35":1,"36":1,"37":1,"38":1,"39":1,"40":1,"41":1,"42":1,"43":1,"44":1,"45":1,"46":1,"47":1,"48":0,"49":0,"50":0,"51":1},"f":{"0":1,"1":0,"2":1,"3":1,"4":1,"5":1,"6":1,"7":1,"8":1,"9":1,"10":0},"b":{"0":[0,1],"1":[0,0]},"_coverageSchema":"1a1c01bbd47fc00a2c39e90264f33305004495a9","hash":"fe5a4a4f0dbb458d2f9cf01908e4161b8d6bc079"}
,"/Users/Jonathan/Developer/express-pokemon-lab/src/utils/data.js": {"path":"/Users/Jonathan/Developer/express-pokemon-lab/src/utils/data.js","statementMap":{"0":{"start":{"line":1,"column":18},"end":{"line":10,"column":1}},"1":{"start":{"line":12,"column":17},"end":{"line":53,"column":1}},"2":{"start":{"line":55,"column":0},"end":{"line":55,"column":38}}},"fnMap":{},"branchMap":{},"s":{"0":1,"1":1,"2":1},"f":{},"b":{},"_coverageSchema":"1a1c01bbd47fc00a2c39e90264f33305004495a9","hash":"01703ea34b99c497aa56515eb2328a74f8eb3ac4"}
,"/Users/Jonathan/Developer/express-pokemon-lab/src/utils/wrapAsync.js": {"path":"/Users/Jonathan/Developer/express-pokemon-lab/src/utils/wrapAsync.js","statementMap":{"0":{"start":{"line":1,"column":18},"end":{"line":3,"column":1}},"1":{"start":{"line":1,"column":24},"end":{"line":3,"column":1}},"2":{"start":{"line":2,"column":2},"end":{"line":2,"column":62}},"3":{"start":{"line":2,"column":51},"end":{"line":2,"column":60}},"4":{"start":{"line":5,"column":0},"end":{"line":5,"column":26}}},"fnMap":{"0":{"name":"(anonymous_0)","decl":{"start":{"line":1,"column":18},"end":{"line":1,"column":19}},"loc":{"start":{"line":1,"column":24},"end":{"line":3,"column":1}},"line":1},"1":{"name":"(anonymous_1)","decl":{"start":{"line":1,"column":24},"end":{"line":1,"column":25}},"loc":{"start":{"line":1,"column":44},"end":{"line":3,"column":1}},"line":1},"2":{"name":"(anonymous_2)","decl":{"start":{"line":2,"column":44},"end":{"line":2,"column":45}},"loc":{"start":{"line":2,"column":51},"end":{"line":2,"column":60}},"line":2}},"branchMap":{},"s":{"0":1,"1":1,"2":1,"3":0,"4":1},"f":{"0":1,"1":1,"2":0},"b":{},"_coverageSchema":"1a1c01bbd47fc00a2c39e90264f33305004495a9","hash":"ba7553f67470212aec68440ce8420e7d74e7c3d0"}
}
